Verbose Level: debug
00:00:00
$ set-value --to $encoding --eq "english_bn"
00:00:00
$ constant --name TRUE --by 1
New constant: "TRUE" is "1".
00:00:00
$ constant --name FALSE --by 0
New constant: "FALSE" is "0".
00:00:00
$ print --text "[EXPERIMENT_START]" --eol
[EXPERIMENT_START]
00:00:00
$ dim -n string_28_0 --as string
00:00:00
$ set-value --to string_28_0 --eq "tfa"
00:00:00
$ dim -n string_21_0 --as string
00:00:00
$ set-value --to string_21_0 --eq "/develop/examples/AdaptNet_Variability/"
00:00:00
$ dim -n fasta_file_22_0 --as fasta_file
00:00:00
$ set-value --to fasta_file_22_0 --eq "/develop/examples/AdaptNet_Variability/data_reference_seq.fa"
00:00:00
$ dim -n string_23_0 --as string
00:00:00
$ set-value --to string_23_0 --eq "P0ind0,P1ind4,P0ind1,P0ind2,P0ind3,P0ind4,P1ind0,P1ind1,P1ind2,P1ind3"
00:00:00
$ dim -n string_24_0 --as string
00:00:00
$ set-value --to string_24_0 --eq "21 0 1 4 5 6 7 8 9 10 11 12 13 14 15 16 17 18 19 2 3 20"
00:00:00
$ dim -n int64_31_0 --as int64
00:00:00
$ set-value --to int64_31_0 --eq "5000"
00:00:00
$ dim -n bool_30_0 --as bool
00:00:00
$ set-value --to bool_30_0 --eq "1"
00:00:00
$ dim -n string_29_0 --as string
00:00:00
$ set-value --to string_29_0 --eq "3 10 10 1"
00:00:00
$ dim -n int_33_0 --as int
00:00:00
$ set-value --to int_33_0 --eq "1"
00:00:00
$ dim -n t-fasta_file_26_0 --as t-fasta_file
00:00:00
$ set-value --to t-fasta_file_26_0 --eq "/develop/examples/AdaptNet_Variability/output.tfa"
00:00:00
$ dim -n text_file_32_0 --as text_file
00:00:00
$ set-value --to text_file_32_0 --eq "/develop/examples/AdaptNet_Variability/statistics.txt"
00:00:00
$ dim -n variability_analysis_of_ngs_data/25/foreach_iteration_2_0 --as int64
00:00:00
$ set-value --to variability_analysis_of_ngs_data/25/foreach_iteration_2_0 --eq ""
00:00:00
$ dim -n variability_analysis_of_ngs_data/25/foreach_value_1_0 --as string
00:00:00
$ set-value --to variability_analysis_of_ngs_data/25/foreach_value_1_0 --eq ""
00:00:00
$ dim -n variability_analysis_of_ngs_data/25/string_5_0 --as string
00:00:00
$ set-value --to variability_analysis_of_ngs_data/25/string_5_0 --eq "(.*).bam"
00:00:00
$ dim -n variability_analysis_of_ngs_data/25/int_32_0 --as int
00:00:00
$ set-value --to variability_analysis_of_ngs_data/25/int_32_0 --eq "33"
00:00:00
$ dim -n variability_analysis_of_ngs_data/25/int_29_0 --as int
00:00:00
$ set-value --to variability_analysis_of_ngs_data/25/int_29_0 --eq "20"
00:00:00
$ dim -n variability_analysis_of_ngs_data/25/bool_37_0 --as bool
00:00:00
$ set-value --to variability_analysis_of_ngs_data/25/bool_37_0 --eq "0"
00:00:00
$ dim -n variability_analysis_of_ngs_data/25/string_matrix_8_0 --as string_matrix
00:00:00
$ set-value --to variability_analysis_of_ngs_data/25/string_matrix_8_0 --eq ""
00:00:00
$ dim -n variability_analysis_of_ngs_data/25/mpileup_file_28_0 --as mpileup_file
00:00:00
$ set-value --to variability_analysis_of_ngs_data/25/mpileup_file_28_0 --eq ""
00:00:00
$ dim -n variability_analysis_of_ngs_data/25/calc_get_seq_len_40_0 --as int64
00:00:00
$ set-value --to $iteration_number --eq variability_analysis_of_ngs_data/25/foreach_iteration_2_0
00:00:00
$ set-value --to $iteration_value --eq variability_analysis_of_ngs_data/25/foreach_value_1_0
00:00:00
$ calc -n variability_analysis_of_ngs_data/25/calc_get_seq_len_40 --as calc_get_seq_len
00:00:00
$ set-value --to variability_analysis_of_ngs_data/25/calc_get_seq_len_40.inputs --eq "fasta_file_22_0"
00:00:00
$ set-value --to variability_analysis_of_ngs_data/25/calc_get_seq_len_40.outputs --eq "variability_analysis_of_ngs_data/25/calc_get_seq_len_40_0"
00:00:00
$ run-calculation -n variability_analysis_of_ngs_data/25/calc_get_seq_len_40
00:00:00
$ delete -n variability_analysis_of_ngs_data/25/calc_get_seq_len_40
00:00:00
$ if --ref $result --eq 0
00:00:00
$ dim -n variability_analysis_of_ngs_data/25/calc_list_files_3_0 --as string_vector
00:00:00
$ set-value --to $iteration_number --eq variability_analysis_of_ngs_data/25/foreach_iteration_2_0
00:00:00
$ set-value --to $iteration_value --eq variability_analysis_of_ngs_data/25/foreach_value_1_0
00:00:00
$ calc -n variability_analysis_of_ngs_data/25/calc_list_files_3 --as calc_list_files
00:00:00
$ set-value --to variability_analysis_of_ngs_data/25/calc_list_files_3.inputs --eq "string_21_0,variability_analysis_of_ngs_data/25/string_5_0,null"
00:00:00
$ set-value --to variability_analysis_of_ngs_data/25/calc_list_files_3.outputs --eq "variability_analysis_of_ngs_data/25/calc_list_files_3_0"
00:00:00
$ run-calculation -n variability_analysis_of_ngs_data/25/calc_list_files_3
00:00:00
$ delete -n variability_analysis_of_ngs_data/25/calc_list_files_3
00:00:00
$ if --ref $result --eq 0
00:00:00
$ dim -n variability_analysis_of_ngs_data/25/string_vector_in_39_0_0 --as string_vector
00:00:00
$ set-value --to variability_analysis_of_ngs_data/25/string_vector_in_39_0_0 --eq variability_analysis_of_ngs_data/25/calc_list_files_3_0
00:00:00
$ dim -n variability_analysis_of_ngs_data/25/int64_in_39_1_0 --as int64
00:00:00
$ set-value --to variability_analysis_of_ngs_data/25/int64_in_39_1_0 --eq variability_analysis_of_ngs_data/25/calc_get_seq_len_40_0
00:00:00
$ dim -n variability_analysis_of_ngs_data/25/calc_get_mrd_39_0 --as int_vector
00:00:00
$ set-value --to $iteration_number --eq variability_analysis_of_ngs_data/25/foreach_iteration_2_0
00:00:00
$ set-value --to $iteration_value --eq variability_analysis_of_ngs_data/25/foreach_value_1_0
00:00:00
$ calc -n variability_analysis_of_ngs_data/25/calc_get_mrd_39 --as calc_get_mrd
00:00:00
$ set-value --to variability_analysis_of_ngs_data/25/calc_get_mrd_39.inputs --eq "variability_analysis_of_ngs_data/25/string_vector_in_39_0_0,variability_analysis_of_ngs_data/25/int64_in_39_1_0"
00:00:00
$ set-value --to variability_analysis_of_ngs_data/25/calc_get_mrd_39.outputs --eq "variability_analysis_of_ngs_data/25/calc_get_mrd_39_0"
00:00:00
$ run-calculation -n variability_analysis_of_ngs_data/25/calc_get_mrd_39
echo $(samtools depth /develop/examples/AdaptNet_Variability/PE_data.Ind3.bam | awk '{sumrd +=$3} END {print sumrd/250120}' - ),$(samtools depth /develop/examples/AdaptNet_Variability/PE_data.Ind2.bam | awk '{sumrd +=$3} END {print sumrd/250120}' - ),$(samtools depth /develop/examples/AdaptNet_Variability/PE_data.Ind9.bam | awk '{sumrd +=$3} END {print sumrd/250120}' - ),$(samtools depth /develop/examples/AdaptNet_Variability/PE_data.Ind7.bam | awk '{sumrd +=$3} END {print sumrd/250120}' - ),$(samtools depth /develop/examples/AdaptNet_Variability/PE_data.Ind6.bam | awk '{sumrd +=$3} END {print sumrd/250120}' - ),$(samtools depth /develop/examples/AdaptNet_Variability/PE_data.Ind5.bam | awk '{sumrd +=$3} END {print sumrd/250120}' - ),$(samtools depth /develop/examples/AdaptNet_Variability/PE_data.Ind1.bam | awk '{sumrd +=$3} END {print sumrd/250120}' - ),$(samtools depth /develop/examples/AdaptNet_Variability/PE_data.Ind4.bam | awk '{sumrd +=$3} END {print sumrd/250120}' - ),$(samtools depth /develop/examples/AdaptNet_Variability/PE_data.Ind8.bam | awk '{sumrd +=$3} END {print sumrd/250120}' - ),$(samtools depth /develop/examples/AdaptNet_Variability/PE_data.Ind10.bam | awk '{sumrd +=$3} END {print sumrd/250120}' - ) > /develop/examples/AdaptNet_Variability/mrd.tmp
00:00:01
$ delete -n variability_analysis_of_ngs_data/25/calc_get_mrd_39
00:00:00
$ delete -n variability_analysis_of_ngs_data/25/string_vector_in_39_0_0
00:00:00
$ delete -n variability_analysis_of_ngs_data/25/int64_in_39_1_0
00:00:00
$ if --ref $result --eq 0
00:00:00
$ dim -n variability_analysis_of_ngs_data/25/a1indexbamfiles/7/foreach_value_1_0 --as string
00:00:00
$ set-value --to variability_analysis_of_ngs_data/25/a1indexbamfiles/7/foreach_value_1_0 --eq ""
00:00:00
$ dim -n variability_analysis_of_ngs_data/25/a1indexbamfiles/7/foreach_iteration_2_0 --as int64
00:00:00
$ set-value --to variability_analysis_of_ngs_data/25/a1indexbamfiles/7/foreach_iteration_2_0 --eq ""
00:00:00
$ for --data variability_analysis_of_ngs_data/25/calc_list_files_3_0 --ite variability_analysis_of_ngs_data/25/a1indexbamfiles/7/foreach_iteration_2_0 --from 0 --to variability_analysis_of_ngs_data/25/calc_list_files_3_0.reg_length --inc 1
00:00:00
$ set-value --to variability_analysis_of_ngs_data/25/a1indexbamfiles/7/foreach_value_1_0 --eq variability_analysis_of_ngs_data/25/calc_list_files_3_0[variability_analysis_of_ngs_data/25/a1indexbamfiles/7/foreach_iteration_2_0]
00:00:00
$ print -n variability_analysis_of_ngs_data/25/a1indexbamfiles/7/foreach_iteration_2_0 --text "iteration: " --mode value --eol
iteration: 0
00:00:00
$ print -n variability_analysis_of_ngs_data/25/a1indexbamfiles/7/foreach_value_1_0 --text "value: " --mode value --eol
value: /develop/examples/AdaptNet_Variability/PE_data.Ind3.bam
00:00:00
$ dim -n variability_analysis_of_ngs_data/25/a1indexbamfiles/7/bam_index_file_4_0 --as bam_index_file
00:00:00
$ set-value --to variability_analysis_of_ngs_data/25/a1indexbamfiles/7/bam_index_file_4_0 --eq ""
00:00:00
$ dim -n variability_analysis_of_ngs_data/25/a1indexbamfiles/7/string_8_0 --as string
00:00:00
$ set-value --to variability_analysis_of_ngs_data/25/a1indexbamfiles/7/string_8_0 --eq ""
00:00:00
$ dim -n variability_analysis_of_ngs_data/25/a1indexbamfiles/7/bam_file_in_3_0_0 --as bam_file
00:00:00
$ set-value --to variability_analysis_of_ngs_data/25/a1indexbamfiles/7/bam_file_in_3_0_0 --eq variability_analysis_of_ngs_data/25/a1indexbamfiles/7/foreach_value_1_0
00:00:00
$ set-value --to $iteration_number --eq variability_analysis_of_ngs_data/25/a1indexbamfiles/7/foreach_iteration_2_0
00:00:00
$ set-value --to $iteration_value --eq variability_analysis_of_ngs_data/25/a1indexbamfiles/7/foreach_value_1_0
00:00:00
$ calc -n variability_analysis_of_ngs_data/25/a1indexbamfiles/7/calc_create_bam_index_3 --as calc_create_bam_index
00:00:00
$ set-value --to variability_analysis_of_ngs_data/25/a1indexbamfiles/7/calc_create_bam_index_3.inputs --eq "variability_analysis_of_ngs_data/25/a1indexbamfiles/7/bam_file_in_3_0_0"
00:00:00
$ set-value --to variability_analysis_of_ngs_data/25/a1indexbamfiles/7/calc_create_bam_index_3.outputs --eq "variability_analysis_of_ngs_data/25/a1indexbamfiles/7/bam_index_file_4_0"
00:00:00
$ run-calculation -n variability_analysis_of_ngs_data/25/a1indexbamfiles/7/calc_create_bam_index_3
00:00:00
$ delete -n variability_analysis_of_ngs_data/25/a1indexbamfiles/7/calc_create_bam_index_3
00:00:00
$ delete -n variability_analysis_of_ngs_data/25/a1indexbamfiles/7/bam_file_in_3_0_0
00:00:00
$ if --ref $result --eq 0
00:00:00
$ dim -n variability_analysis_of_ngs_data/25/a1indexbamfiles/7/text_file_in_5_0_0 --as text_file
00:00:00
$ set-value --to variability_analysis_of_ngs_data/25/a1indexbamfiles/7/text_file_in_5_0_0 --eq variability_analysis_of_ngs_data/25/a1indexbamfiles/7/bam_index_file_4_0
00:00:00
$ set-value --to $iteration_number --eq variability_analysis_of_ngs_data/25/a1indexbamfiles/7/foreach_iteration_2_0
00:00:00
$ set-value --to $iteration_value --eq variability_analysis_of_ngs_data/25/a1indexbamfiles/7/foreach_value_1_0
00:00:00
$ calc -n variability_analysis_of_ngs_data/25/a1indexbamfiles/7/calc_get_file_name_5 --as calc_get_file_name
00:00:00
$ set-value --to variability_analysis_of_ngs_data/25/a1indexbamfiles/7/calc_get_file_name_5.inputs --eq "variability_analysis_of_ngs_data/25/a1indexbamfiles/7/text_file_in_5_0_0"
00:00:00
$ set-value --to variability_analysis_of_ngs_data/25/a1indexbamfiles/7/calc_get_file_name_5.outputs --eq "variability_analysis_of_ngs_data/25/a1indexbamfiles/7/string_8_0"
00:00:00
$ run-calculation -n variability_analysis_of_ngs_data/25/a1indexbamfiles/7/calc_get_file_name_5
00:00:00
$ delete -n variability_analysis_of_ngs_data/25/a1indexbamfiles/7/calc_get_file_name_5
00:00:00
$ delete -n variability_analysis_of_ngs_data/25/a1indexbamfiles/7/text_file_in_5_0_0
00:00:00
$ if --ref $result --eq 0
00:00:00
$ endif
00:00:00
$ endif
00:00:00
$ matappend --to variability_analysis_of_ngs_data/25/string_matrix_8_0 --add variability_analysis_of_ngs_data/25/a1indexbamfiles/7/string_8_0 --index variability_analysis_of_ngs_data/25/a1indexbamfiles/7/foreach_iteration_2_0
00:00:00
$ print -n variability_analysis_of_ngs_data/25/string_matrix_8_0 --mode value --eol
 0,/develop/examples/AdaptNet_Variability/PE_data.Ind3.bai

00:00:00
$ delete -n variability_analysis_of_ngs_data/25/a1indexbamfiles/7/bam_index_file_4_0
00:00:00
$ delete -n variability_analysis_of_ngs_data/25/a1indexbamfiles/7/string_8_0
00:00:00
$ end-for
00:00:00
$ for --data variability_analysis_of_ngs_data/25/calc_list_files_3_0 --ite variability_analysis_of_ngs_data/25/a1indexbamfiles/7/foreach_iteration_2_0 --from 0 --to variability_analysis_of_ngs_data/25/calc_list_files_3_0.reg_length --inc 1
00:00:00
$ set-value --to variability_analysis_of_ngs_data/25/a1indexbamfiles/7/foreach_value_1_0 --eq variability_analysis_of_ngs_data/25/calc_list_files_3_0[variability_analysis_of_ngs_data/25/a1indexbamfiles/7/foreach_iteration_2_0]
00:00:00
$ print -n variability_analysis_of_ngs_data/25/a1indexbamfiles/7/foreach_iteration_2_0 --text "iteration: " --mode value --eol
iteration: 1
00:00:00
$ print -n variability_analysis_of_ngs_data/25/a1indexbamfiles/7/foreach_value_1_0 --text "value: " --mode value --eol
value: /develop/examples/AdaptNet_Variability/PE_data.Ind2.bam
00:00:00
$ dim -n variability_analysis_of_ngs_data/25/a1indexbamfiles/7/bam_index_file_4_0 --as bam_index_file
00:00:00
$ set-value --to variability_analysis_of_ngs_data/25/a1indexbamfiles/7/bam_index_file_4_0 --eq ""
00:00:00
$ dim -n variability_analysis_of_ngs_data/25/a1indexbamfiles/7/string_8_0 --as string
00:00:00
$ set-value --to variability_analysis_of_ngs_data/25/a1indexbamfiles/7/string_8_0 --eq ""
00:00:00
$ dim -n variability_analysis_of_ngs_data/25/a1indexbamfiles/7/bam_file_in_3_0_0 --as bam_file
00:00:00
$ set-value --to variability_analysis_of_ngs_data/25/a1indexbamfiles/7/bam_file_in_3_0_0 --eq variability_analysis_of_ngs_data/25/a1indexbamfiles/7/foreach_value_1_0
00:00:00
$ set-value --to $iteration_number --eq variability_analysis_of_ngs_data/25/a1indexbamfiles/7/foreach_iteration_2_0
00:00:00
$ set-value --to $iteration_value --eq variability_analysis_of_ngs_data/25/a1indexbamfiles/7/foreach_value_1_0
00:00:00
$ calc -n variability_analysis_of_ngs_data/25/a1indexbamfiles/7/calc_create_bam_index_3 --as calc_create_bam_index
00:00:00
$ set-value --to variability_analysis_of_ngs_data/25/a1indexbamfiles/7/calc_create_bam_index_3.inputs --eq "variability_analysis_of_ngs_data/25/a1indexbamfiles/7/bam_file_in_3_0_0"
00:00:00
$ set-value --to variability_analysis_of_ngs_data/25/a1indexbamfiles/7/calc_create_bam_index_3.outputs --eq "variability_analysis_of_ngs_data/25/a1indexbamfiles/7/bam_index_file_4_0"
00:00:00
$ run-calculation -n variability_analysis_of_ngs_data/25/a1indexbamfiles/7/calc_create_bam_index_3
00:00:00
$ delete -n variability_analysis_of_ngs_data/25/a1indexbamfiles/7/calc_create_bam_index_3
00:00:00
$ delete -n variability_analysis_of_ngs_data/25/a1indexbamfiles/7/bam_file_in_3_0_0
00:00:00
$ if --ref $result --eq 0
00:00:00
$ dim -n variability_analysis_of_ngs_data/25/a1indexbamfiles/7/text_file_in_5_0_0 --as text_file
00:00:00
$ set-value --to variability_analysis_of_ngs_data/25/a1indexbamfiles/7/text_file_in_5_0_0 --eq variability_analysis_of_ngs_data/25/a1indexbamfiles/7/bam_index_file_4_0
00:00:00
$ set-value --to $iteration_number --eq variability_analysis_of_ngs_data/25/a1indexbamfiles/7/foreach_iteration_2_0
00:00:00
$ set-value --to $iteration_value --eq variability_analysis_of_ngs_data/25/a1indexbamfiles/7/foreach_value_1_0
00:00:00
$ calc -n variability_analysis_of_ngs_data/25/a1indexbamfiles/7/calc_get_file_name_5 --as calc_get_file_name
00:00:00
$ set-value --to variability_analysis_of_ngs_data/25/a1indexbamfiles/7/calc_get_file_name_5.inputs --eq "variability_analysis_of_ngs_data/25/a1indexbamfiles/7/text_file_in_5_0_0"
00:00:00
$ set-value --to variability_analysis_of_ngs_data/25/a1indexbamfiles/7/calc_get_file_name_5.outputs --eq "variability_analysis_of_ngs_data/25/a1indexbamfiles/7/string_8_0"
00:00:00
$ run-calculation -n variability_analysis_of_ngs_data/25/a1indexbamfiles/7/calc_get_file_name_5
00:00:00
$ delete -n variability_analysis_of_ngs_data/25/a1indexbamfiles/7/calc_get_file_name_5
00:00:00
$ delete -n variability_analysis_of_ngs_data/25/a1indexbamfiles/7/text_file_in_5_0_0
00:00:00
$ if --ref $result --eq 0
00:00:00
$ endif
00:00:00
$ endif
00:00:00
$ matappend --to variability_analysis_of_ngs_data/25/string_matrix_8_0 --add variability_analysis_of_ngs_data/25/a1indexbamfiles/7/string_8_0 --index variability_analysis_of_ngs_data/25/a1indexbamfiles/7/foreach_iteration_2_0
00:00:00
$ print -n variability_analysis_of_ngs_data/25/string_matrix_8_0 --mode value --eol
 0,/develop/examples/AdaptNet_Variability/PE_data.Ind3.bai;
 1,/develop/examples/AdaptNet_Variability/PE_data.Ind2.bai

00:00:00
$ delete -n variability_analysis_of_ngs_data/25/a1indexbamfiles/7/bam_index_file_4_0
00:00:00
$ delete -n variability_analysis_of_ngs_data/25/a1indexbamfiles/7/string_8_0
00:00:00
$ end-for
00:00:00
$ for --data variability_analysis_of_ngs_data/25/calc_list_files_3_0 --ite variability_analysis_of_ngs_data/25/a1indexbamfiles/7/foreach_iteration_2_0 --from 0 --to variability_analysis_of_ngs_data/25/calc_list_files_3_0.reg_length --inc 1
00:00:00
$ set-value --to variability_analysis_of_ngs_data/25/a1indexbamfiles/7/foreach_value_1_0 --eq variability_analysis_of_ngs_data/25/calc_list_files_3_0[variability_analysis_of_ngs_data/25/a1indexbamfiles/7/foreach_iteration_2_0]
00:00:00
$ print -n variability_analysis_of_ngs_data/25/a1indexbamfiles/7/foreach_iteration_2_0 --text "iteration: " --mode value --eol
iteration: 2
00:00:00
$ print -n variability_analysis_of_ngs_data/25/a1indexbamfiles/7/foreach_value_1_0 --text "value: " --mode value --eol
value: /develop/examples/AdaptNet_Variability/PE_data.Ind9.bam
00:00:00
$ dim -n variability_analysis_of_ngs_data/25/a1indexbamfiles/7/bam_index_file_4_0 --as bam_index_file
00:00:00
$ set-value --to variability_analysis_of_ngs_data/25/a1indexbamfiles/7/bam_index_file_4_0 --eq ""
00:00:00
$ dim -n variability_analysis_of_ngs_data/25/a1indexbamfiles/7/string_8_0 --as string
00:00:00
$ set-value --to variability_analysis_of_ngs_data/25/a1indexbamfiles/7/string_8_0 --eq ""
00:00:00
$ dim -n variability_analysis_of_ngs_data/25/a1indexbamfiles/7/bam_file_in_3_0_0 --as bam_file
00:00:00
$ set-value --to variability_analysis_of_ngs_data/25/a1indexbamfiles/7/bam_file_in_3_0_0 --eq variability_analysis_of_ngs_data/25/a1indexbamfiles/7/foreach_value_1_0
00:00:00
$ set-value --to $iteration_number --eq variability_analysis_of_ngs_data/25/a1indexbamfiles/7/foreach_iteration_2_0
00:00:00
$ set-value --to $iteration_value --eq variability_analysis_of_ngs_data/25/a1indexbamfiles/7/foreach_value_1_0
00:00:00
$ calc -n variability_analysis_of_ngs_data/25/a1indexbamfiles/7/calc_create_bam_index_3 --as calc_create_bam_index
00:00:00
$ set-value --to variability_analysis_of_ngs_data/25/a1indexbamfiles/7/calc_create_bam_index_3.inputs --eq "variability_analysis_of_ngs_data/25/a1indexbamfiles/7/bam_file_in_3_0_0"
00:00:00
$ set-value --to variability_analysis_of_ngs_data/25/a1indexbamfiles/7/calc_create_bam_index_3.outputs --eq "variability_analysis_of_ngs_data/25/a1indexbamfiles/7/bam_index_file_4_0"
00:00:00
$ run-calculation -n variability_analysis_of_ngs_data/25/a1indexbamfiles/7/calc_create_bam_index_3
00:00:00
$ delete -n variability_analysis_of_ngs_data/25/a1indexbamfiles/7/calc_create_bam_index_3
00:00:00
$ delete -n variability_analysis_of_ngs_data/25/a1indexbamfiles/7/bam_file_in_3_0_0
00:00:00
$ if --ref $result --eq 0
00:00:00
$ dim -n variability_analysis_of_ngs_data/25/a1indexbamfiles/7/text_file_in_5_0_0 --as text_file
00:00:00
$ set-value --to variability_analysis_of_ngs_data/25/a1indexbamfiles/7/text_file_in_5_0_0 --eq variability_analysis_of_ngs_data/25/a1indexbamfiles/7/bam_index_file_4_0
00:00:00
$ set-value --to $iteration_number --eq variability_analysis_of_ngs_data/25/a1indexbamfiles/7/foreach_iteration_2_0
00:00:00
$ set-value --to $iteration_value --eq variability_analysis_of_ngs_data/25/a1indexbamfiles/7/foreach_value_1_0
00:00:00
$ calc -n variability_analysis_of_ngs_data/25/a1indexbamfiles/7/calc_get_file_name_5 --as calc_get_file_name
00:00:00
$ set-value --to variability_analysis_of_ngs_data/25/a1indexbamfiles/7/calc_get_file_name_5.inputs --eq "variability_analysis_of_ngs_data/25/a1indexbamfiles/7/text_file_in_5_0_0"
00:00:00
$ set-value --to variability_analysis_of_ngs_data/25/a1indexbamfiles/7/calc_get_file_name_5.outputs --eq "variability_analysis_of_ngs_data/25/a1indexbamfiles/7/string_8_0"
00:00:00
$ run-calculation -n variability_analysis_of_ngs_data/25/a1indexbamfiles/7/calc_get_file_name_5
00:00:00
$ delete -n variability_analysis_of_ngs_data/25/a1indexbamfiles/7/calc_get_file_name_5
00:00:00
$ delete -n variability_analysis_of_ngs_data/25/a1indexbamfiles/7/text_file_in_5_0_0
00:00:00
$ if --ref $result --eq 0
00:00:00
$ endif
00:00:00
$ endif
00:00:00
$ matappend --to variability_analysis_of_ngs_data/25/string_matrix_8_0 --add variability_analysis_of_ngs_data/25/a1indexbamfiles/7/string_8_0 --index variability_analysis_of_ngs_data/25/a1indexbamfiles/7/foreach_iteration_2_0
00:00:00
$ print -n variability_analysis_of_ngs_data/25/string_matrix_8_0 --mode value --eol
 0,/develop/examples/AdaptNet_Variability/PE_data.Ind3.bai;
 1,/develop/examples/AdaptNet_Variability/PE_data.Ind2.bai;
 2,/develop/examples/AdaptNet_Variability/PE_data.Ind9.bai

00:00:00
$ delete -n variability_analysis_of_ngs_data/25/a1indexbamfiles/7/bam_index_file_4_0
00:00:00
$ delete -n variability_analysis_of_ngs_data/25/a1indexbamfiles/7/string_8_0
00:00:00
$ end-for
00:00:00
$ for --data variability_analysis_of_ngs_data/25/calc_list_files_3_0 --ite variability_analysis_of_ngs_data/25/a1indexbamfiles/7/foreach_iteration_2_0 --from 0 --to variability_analysis_of_ngs_data/25/calc_list_files_3_0.reg_length --inc 1
00:00:00
$ set-value --to variability_analysis_of_ngs_data/25/a1indexbamfiles/7/foreach_value_1_0 --eq variability_analysis_of_ngs_data/25/calc_list_files_3_0[variability_analysis_of_ngs_data/25/a1indexbamfiles/7/foreach_iteration_2_0]
00:00:00
$ print -n variability_analysis_of_ngs_data/25/a1indexbamfiles/7/foreach_iteration_2_0 --text "iteration: " --mode value --eol
iteration: 3
00:00:00
$ print -n variability_analysis_of_ngs_data/25/a1indexbamfiles/7/foreach_value_1_0 --text "value: " --mode value --eol
value: /develop/examples/AdaptNet_Variability/PE_data.Ind7.bam
00:00:00
$ dim -n variability_analysis_of_ngs_data/25/a1indexbamfiles/7/bam_index_file_4_0 --as bam_index_file
00:00:00
$ set-value --to variability_analysis_of_ngs_data/25/a1indexbamfiles/7/bam_index_file_4_0 --eq ""
00:00:00
$ dim -n variability_analysis_of_ngs_data/25/a1indexbamfiles/7/string_8_0 --as string
00:00:00
$ set-value --to variability_analysis_of_ngs_data/25/a1indexbamfiles/7/string_8_0 --eq ""
00:00:00
$ dim -n variability_analysis_of_ngs_data/25/a1indexbamfiles/7/bam_file_in_3_0_0 --as bam_file
00:00:00
$ set-value --to variability_analysis_of_ngs_data/25/a1indexbamfiles/7/bam_file_in_3_0_0 --eq variability_analysis_of_ngs_data/25/a1indexbamfiles/7/foreach_value_1_0
00:00:00
$ set-value --to $iteration_number --eq variability_analysis_of_ngs_data/25/a1indexbamfiles/7/foreach_iteration_2_0
00:00:00
$ set-value --to $iteration_value --eq variability_analysis_of_ngs_data/25/a1indexbamfiles/7/foreach_value_1_0
00:00:00
$ calc -n variability_analysis_of_ngs_data/25/a1indexbamfiles/7/calc_create_bam_index_3 --as calc_create_bam_index
00:00:00
$ set-value --to variability_analysis_of_ngs_data/25/a1indexbamfiles/7/calc_create_bam_index_3.inputs --eq "variability_analysis_of_ngs_data/25/a1indexbamfiles/7/bam_file_in_3_0_0"
00:00:00
$ set-value --to variability_analysis_of_ngs_data/25/a1indexbamfiles/7/calc_create_bam_index_3.outputs --eq "variability_analysis_of_ngs_data/25/a1indexbamfiles/7/bam_index_file_4_0"
00:00:00
$ run-calculation -n variability_analysis_of_ngs_data/25/a1indexbamfiles/7/calc_create_bam_index_3
00:00:00
$ delete -n variability_analysis_of_ngs_data/25/a1indexbamfiles/7/calc_create_bam_index_3
00:00:00
$ delete -n variability_analysis_of_ngs_data/25/a1indexbamfiles/7/bam_file_in_3_0_0
00:00:00
$ if --ref $result --eq 0
00:00:00
$ dim -n variability_analysis_of_ngs_data/25/a1indexbamfiles/7/text_file_in_5_0_0 --as text_file
00:00:00
$ set-value --to variability_analysis_of_ngs_data/25/a1indexbamfiles/7/text_file_in_5_0_0 --eq variability_analysis_of_ngs_data/25/a1indexbamfiles/7/bam_index_file_4_0
00:00:00
$ set-value --to $iteration_number --eq variability_analysis_of_ngs_data/25/a1indexbamfiles/7/foreach_iteration_2_0
00:00:00
$ set-value --to $iteration_value --eq variability_analysis_of_ngs_data/25/a1indexbamfiles/7/foreach_value_1_0
00:00:00
$ calc -n variability_analysis_of_ngs_data/25/a1indexbamfiles/7/calc_get_file_name_5 --as calc_get_file_name
00:00:00
$ set-value --to variability_analysis_of_ngs_data/25/a1indexbamfiles/7/calc_get_file_name_5.inputs --eq "variability_analysis_of_ngs_data/25/a1indexbamfiles/7/text_file_in_5_0_0"
00:00:00
$ set-value --to variability_analysis_of_ngs_data/25/a1indexbamfiles/7/calc_get_file_name_5.outputs --eq "variability_analysis_of_ngs_data/25/a1indexbamfiles/7/string_8_0"
00:00:00
$ run-calculation -n variability_analysis_of_ngs_data/25/a1indexbamfiles/7/calc_get_file_name_5
00:00:00
$ delete -n variability_analysis_of_ngs_data/25/a1indexbamfiles/7/calc_get_file_name_5
00:00:00
$ delete -n variability_analysis_of_ngs_data/25/a1indexbamfiles/7/text_file_in_5_0_0
00:00:00
$ if --ref $result --eq 0
00:00:00
$ endif
00:00:00
$ endif
00:00:00
$ matappend --to variability_analysis_of_ngs_data/25/string_matrix_8_0 --add variability_analysis_of_ngs_data/25/a1indexbamfiles/7/string_8_0 --index variability_analysis_of_ngs_data/25/a1indexbamfiles/7/foreach_iteration_2_0
00:00:00
$ print -n variability_analysis_of_ngs_data/25/string_matrix_8_0 --mode value --eol
 0,/develop/examples/AdaptNet_Variability/PE_data.Ind3.bai;
 1,/develop/examples/AdaptNet_Variability/PE_data.Ind2.bai;
 2,/develop/examples/AdaptNet_Variability/PE_data.Ind9.bai;
 3,/develop/examples/AdaptNet_Variability/PE_data.Ind7.bai

00:00:00
$ delete -n variability_analysis_of_ngs_data/25/a1indexbamfiles/7/bam_index_file_4_0
00:00:00
$ delete -n variability_analysis_of_ngs_data/25/a1indexbamfiles/7/string_8_0
00:00:00
$ end-for
00:00:00
$ for --data variability_analysis_of_ngs_data/25/calc_list_files_3_0 --ite variability_analysis_of_ngs_data/25/a1indexbamfiles/7/foreach_iteration_2_0 --from 0 --to variability_analysis_of_ngs_data/25/calc_list_files_3_0.reg_length --inc 1
00:00:00
$ set-value --to variability_analysis_of_ngs_data/25/a1indexbamfiles/7/foreach_value_1_0 --eq variability_analysis_of_ngs_data/25/calc_list_files_3_0[variability_analysis_of_ngs_data/25/a1indexbamfiles/7/foreach_iteration_2_0]
00:00:00
$ print -n variability_analysis_of_ngs_data/25/a1indexbamfiles/7/foreach_iteration_2_0 --text "iteration: " --mode value --eol
iteration: 4
00:00:00
$ print -n variability_analysis_of_ngs_data/25/a1indexbamfiles/7/foreach_value_1_0 --text "value: " --mode value --eol
value: /develop/examples/AdaptNet_Variability/PE_data.Ind6.bam
00:00:00
$ dim -n variability_analysis_of_ngs_data/25/a1indexbamfiles/7/bam_index_file_4_0 --as bam_index_file
00:00:00
$ set-value --to variability_analysis_of_ngs_data/25/a1indexbamfiles/7/bam_index_file_4_0 --eq ""
00:00:00
$ dim -n variability_analysis_of_ngs_data/25/a1indexbamfiles/7/string_8_0 --as string
00:00:00
$ set-value --to variability_analysis_of_ngs_data/25/a1indexbamfiles/7/string_8_0 --eq ""
00:00:00
$ dim -n variability_analysis_of_ngs_data/25/a1indexbamfiles/7/bam_file_in_3_0_0 --as bam_file
00:00:00
$ set-value --to variability_analysis_of_ngs_data/25/a1indexbamfiles/7/bam_file_in_3_0_0 --eq variability_analysis_of_ngs_data/25/a1indexbamfiles/7/foreach_value_1_0
00:00:00
$ set-value --to $iteration_number --eq variability_analysis_of_ngs_data/25/a1indexbamfiles/7/foreach_iteration_2_0
00:00:00
$ set-value --to $iteration_value --eq variability_analysis_of_ngs_data/25/a1indexbamfiles/7/foreach_value_1_0
00:00:00
$ calc -n variability_analysis_of_ngs_data/25/a1indexbamfiles/7/calc_create_bam_index_3 --as calc_create_bam_index
00:00:00
$ set-value --to variability_analysis_of_ngs_data/25/a1indexbamfiles/7/calc_create_bam_index_3.inputs --eq "variability_analysis_of_ngs_data/25/a1indexbamfiles/7/bam_file_in_3_0_0"
00:00:00
$ set-value --to variability_analysis_of_ngs_data/25/a1indexbamfiles/7/calc_create_bam_index_3.outputs --eq "variability_analysis_of_ngs_data/25/a1indexbamfiles/7/bam_index_file_4_0"
00:00:00
$ run-calculation -n variability_analysis_of_ngs_data/25/a1indexbamfiles/7/calc_create_bam_index_3
00:00:00
$ delete -n variability_analysis_of_ngs_data/25/a1indexbamfiles/7/calc_create_bam_index_3
00:00:00
$ delete -n variability_analysis_of_ngs_data/25/a1indexbamfiles/7/bam_file_in_3_0_0
00:00:00
$ if --ref $result --eq 0
00:00:00
$ dim -n variability_analysis_of_ngs_data/25/a1indexbamfiles/7/text_file_in_5_0_0 --as text_file
00:00:00
$ set-value --to variability_analysis_of_ngs_data/25/a1indexbamfiles/7/text_file_in_5_0_0 --eq variability_analysis_of_ngs_data/25/a1indexbamfiles/7/bam_index_file_4_0
00:00:00
$ set-value --to $iteration_number --eq variability_analysis_of_ngs_data/25/a1indexbamfiles/7/foreach_iteration_2_0
00:00:00
$ set-value --to $iteration_value --eq variability_analysis_of_ngs_data/25/a1indexbamfiles/7/foreach_value_1_0
00:00:00
$ calc -n variability_analysis_of_ngs_data/25/a1indexbamfiles/7/calc_get_file_name_5 --as calc_get_file_name
00:00:00
$ set-value --to variability_analysis_of_ngs_data/25/a1indexbamfiles/7/calc_get_file_name_5.inputs --eq "variability_analysis_of_ngs_data/25/a1indexbamfiles/7/text_file_in_5_0_0"
00:00:00
$ set-value --to variability_analysis_of_ngs_data/25/a1indexbamfiles/7/calc_get_file_name_5.outputs --eq "variability_analysis_of_ngs_data/25/a1indexbamfiles/7/string_8_0"
00:00:00
$ run-calculation -n variability_analysis_of_ngs_data/25/a1indexbamfiles/7/calc_get_file_name_5
00:00:00
$ delete -n variability_analysis_of_ngs_data/25/a1indexbamfiles/7/calc_get_file_name_5
00:00:00
$ delete -n variability_analysis_of_ngs_data/25/a1indexbamfiles/7/text_file_in_5_0_0
00:00:00
$ if --ref $result --eq 0
00:00:00
$ endif
00:00:00
$ endif
00:00:00
$ matappend --to variability_analysis_of_ngs_data/25/string_matrix_8_0 --add variability_analysis_of_ngs_data/25/a1indexbamfiles/7/string_8_0 --index variability_analysis_of_ngs_data/25/a1indexbamfiles/7/foreach_iteration_2_0
00:00:00
$ print -n variability_analysis_of_ngs_data/25/string_matrix_8_0 --mode value --eol
 0,/develop/examples/AdaptNet_Variability/PE_data.Ind3.bai;
 1,/develop/examples/AdaptNet_Variability/PE_data.Ind2.bai;
 2,/develop/examples/AdaptNet_Variability/PE_data.Ind9.bai;
 3,/develop/examples/AdaptNet_Variability/PE_data.Ind7.bai;
 4,/develop/examples/AdaptNet_Variability/PE_data.Ind6.bai

00:00:00
$ delete -n variability_analysis_of_ngs_data/25/a1indexbamfiles/7/bam_index_file_4_0
00:00:00
$ delete -n variability_analysis_of_ngs_data/25/a1indexbamfiles/7/string_8_0
00:00:00
$ end-for
00:00:00
$ for --data variability_analysis_of_ngs_data/25/calc_list_files_3_0 --ite variability_analysis_of_ngs_data/25/a1indexbamfiles/7/foreach_iteration_2_0 --from 0 --to variability_analysis_of_ngs_data/25/calc_list_files_3_0.reg_length --inc 1
00:00:00
$ set-value --to variability_analysis_of_ngs_data/25/a1indexbamfiles/7/foreach_value_1_0 --eq variability_analysis_of_ngs_data/25/calc_list_files_3_0[variability_analysis_of_ngs_data/25/a1indexbamfiles/7/foreach_iteration_2_0]
00:00:00
$ print -n variability_analysis_of_ngs_data/25/a1indexbamfiles/7/foreach_iteration_2_0 --text "iteration: " --mode value --eol
iteration: 5
00:00:00
$ print -n variability_analysis_of_ngs_data/25/a1indexbamfiles/7/foreach_value_1_0 --text "value: " --mode value --eol
value: /develop/examples/AdaptNet_Variability/PE_data.Ind5.bam
00:00:00
$ dim -n variability_analysis_of_ngs_data/25/a1indexbamfiles/7/bam_index_file_4_0 --as bam_index_file
00:00:00
$ set-value --to variability_analysis_of_ngs_data/25/a1indexbamfiles/7/bam_index_file_4_0 --eq ""
00:00:00
$ dim -n variability_analysis_of_ngs_data/25/a1indexbamfiles/7/string_8_0 --as string
00:00:00
$ set-value --to variability_analysis_of_ngs_data/25/a1indexbamfiles/7/string_8_0 --eq ""
00:00:00
$ dim -n variability_analysis_of_ngs_data/25/a1indexbamfiles/7/bam_file_in_3_0_0 --as bam_file
00:00:00
$ set-value --to variability_analysis_of_ngs_data/25/a1indexbamfiles/7/bam_file_in_3_0_0 --eq variability_analysis_of_ngs_data/25/a1indexbamfiles/7/foreach_value_1_0
00:00:00
$ set-value --to $iteration_number --eq variability_analysis_of_ngs_data/25/a1indexbamfiles/7/foreach_iteration_2_0
00:00:00
$ set-value --to $iteration_value --eq variability_analysis_of_ngs_data/25/a1indexbamfiles/7/foreach_value_1_0
00:00:00
$ calc -n variability_analysis_of_ngs_data/25/a1indexbamfiles/7/calc_create_bam_index_3 --as calc_create_bam_index
00:00:00
$ set-value --to variability_analysis_of_ngs_data/25/a1indexbamfiles/7/calc_create_bam_index_3.inputs --eq "variability_analysis_of_ngs_data/25/a1indexbamfiles/7/bam_file_in_3_0_0"
00:00:00
$ set-value --to variability_analysis_of_ngs_data/25/a1indexbamfiles/7/calc_create_bam_index_3.outputs --eq "variability_analysis_of_ngs_data/25/a1indexbamfiles/7/bam_index_file_4_0"
00:00:00
$ run-calculation -n variability_analysis_of_ngs_data/25/a1indexbamfiles/7/calc_create_bam_index_3
00:00:00
$ delete -n variability_analysis_of_ngs_data/25/a1indexbamfiles/7/calc_create_bam_index_3
00:00:00
$ delete -n variability_analysis_of_ngs_data/25/a1indexbamfiles/7/bam_file_in_3_0_0
00:00:00
$ if --ref $result --eq 0
00:00:00
$ dim -n variability_analysis_of_ngs_data/25/a1indexbamfiles/7/text_file_in_5_0_0 --as text_file
00:00:00
$ set-value --to variability_analysis_of_ngs_data/25/a1indexbamfiles/7/text_file_in_5_0_0 --eq variability_analysis_of_ngs_data/25/a1indexbamfiles/7/bam_index_file_4_0
00:00:00
$ set-value --to $iteration_number --eq variability_analysis_of_ngs_data/25/a1indexbamfiles/7/foreach_iteration_2_0
00:00:00
$ set-value --to $iteration_value --eq variability_analysis_of_ngs_data/25/a1indexbamfiles/7/foreach_value_1_0
00:00:00
$ calc -n variability_analysis_of_ngs_data/25/a1indexbamfiles/7/calc_get_file_name_5 --as calc_get_file_name
00:00:00
$ set-value --to variability_analysis_of_ngs_data/25/a1indexbamfiles/7/calc_get_file_name_5.inputs --eq "variability_analysis_of_ngs_data/25/a1indexbamfiles/7/text_file_in_5_0_0"
00:00:00
$ set-value --to variability_analysis_of_ngs_data/25/a1indexbamfiles/7/calc_get_file_name_5.outputs --eq "variability_analysis_of_ngs_data/25/a1indexbamfiles/7/string_8_0"
00:00:00
$ run-calculation -n variability_analysis_of_ngs_data/25/a1indexbamfiles/7/calc_get_file_name_5
00:00:00
$ delete -n variability_analysis_of_ngs_data/25/a1indexbamfiles/7/calc_get_file_name_5
00:00:00
$ delete -n variability_analysis_of_ngs_data/25/a1indexbamfiles/7/text_file_in_5_0_0
00:00:00
$ if --ref $result --eq 0
00:00:00
$ endif
00:00:00
$ endif
00:00:00
$ matappend --to variability_analysis_of_ngs_data/25/string_matrix_8_0 --add variability_analysis_of_ngs_data/25/a1indexbamfiles/7/string_8_0 --index variability_analysis_of_ngs_data/25/a1indexbamfiles/7/foreach_iteration_2_0
00:00:00
$ print -n variability_analysis_of_ngs_data/25/string_matrix_8_0 --mode value --eol
 0,/develop/examples/AdaptNet_Variability/PE_data.Ind3.bai;
 1,/develop/examples/AdaptNet_Variability/PE_data.Ind2.bai;
 2,/develop/examples/AdaptNet_Variability/PE_data.Ind9.bai;
 3,/develop/examples/AdaptNet_Variability/PE_data.Ind7.bai;
 4,/develop/examples/AdaptNet_Variability/PE_data.Ind6.bai;
 5,/develop/examples/AdaptNet_Variability/PE_data.Ind5.bai

00:00:00
$ delete -n variability_analysis_of_ngs_data/25/a1indexbamfiles/7/bam_index_file_4_0
00:00:00
$ delete -n variability_analysis_of_ngs_data/25/a1indexbamfiles/7/string_8_0
00:00:00
$ end-for
00:00:00
$ for --data variability_analysis_of_ngs_data/25/calc_list_files_3_0 --ite variability_analysis_of_ngs_data/25/a1indexbamfiles/7/foreach_iteration_2_0 --from 0 --to variability_analysis_of_ngs_data/25/calc_list_files_3_0.reg_length --inc 1
00:00:00
$ set-value --to variability_analysis_of_ngs_data/25/a1indexbamfiles/7/foreach_value_1_0 --eq variability_analysis_of_ngs_data/25/calc_list_files_3_0[variability_analysis_of_ngs_data/25/a1indexbamfiles/7/foreach_iteration_2_0]
00:00:00
$ print -n variability_analysis_of_ngs_data/25/a1indexbamfiles/7/foreach_iteration_2_0 --text "iteration: " --mode value --eol
iteration: 6
00:00:00
$ print -n variability_analysis_of_ngs_data/25/a1indexbamfiles/7/foreach_value_1_0 --text "value: " --mode value --eol
value: /develop/examples/AdaptNet_Variability/PE_data.Ind1.bam
00:00:00
$ dim -n variability_analysis_of_ngs_data/25/a1indexbamfiles/7/bam_index_file_4_0 --as bam_index_file
00:00:00
$ set-value --to variability_analysis_of_ngs_data/25/a1indexbamfiles/7/bam_index_file_4_0 --eq ""
00:00:00
$ dim -n variability_analysis_of_ngs_data/25/a1indexbamfiles/7/string_8_0 --as string
00:00:00
$ set-value --to variability_analysis_of_ngs_data/25/a1indexbamfiles/7/string_8_0 --eq ""
00:00:00
$ dim -n variability_analysis_of_ngs_data/25/a1indexbamfiles/7/bam_file_in_3_0_0 --as bam_file
00:00:00
$ set-value --to variability_analysis_of_ngs_data/25/a1indexbamfiles/7/bam_file_in_3_0_0 --eq variability_analysis_of_ngs_data/25/a1indexbamfiles/7/foreach_value_1_0
00:00:00
$ set-value --to $iteration_number --eq variability_analysis_of_ngs_data/25/a1indexbamfiles/7/foreach_iteration_2_0
00:00:00
$ set-value --to $iteration_value --eq variability_analysis_of_ngs_data/25/a1indexbamfiles/7/foreach_value_1_0
00:00:00
$ calc -n variability_analysis_of_ngs_data/25/a1indexbamfiles/7/calc_create_bam_index_3 --as calc_create_bam_index
00:00:00
$ set-value --to variability_analysis_of_ngs_data/25/a1indexbamfiles/7/calc_create_bam_index_3.inputs --eq "variability_analysis_of_ngs_data/25/a1indexbamfiles/7/bam_file_in_3_0_0"
00:00:00
$ set-value --to variability_analysis_of_ngs_data/25/a1indexbamfiles/7/calc_create_bam_index_3.outputs --eq "variability_analysis_of_ngs_data/25/a1indexbamfiles/7/bam_index_file_4_0"
00:00:00
$ run-calculation -n variability_analysis_of_ngs_data/25/a1indexbamfiles/7/calc_create_bam_index_3
00:00:00
$ delete -n variability_analysis_of_ngs_data/25/a1indexbamfiles/7/calc_create_bam_index_3
00:00:00
$ delete -n variability_analysis_of_ngs_data/25/a1indexbamfiles/7/bam_file_in_3_0_0
00:00:00
$ if --ref $result --eq 0
00:00:00
$ dim -n variability_analysis_of_ngs_data/25/a1indexbamfiles/7/text_file_in_5_0_0 --as text_file
00:00:00
$ set-value --to variability_analysis_of_ngs_data/25/a1indexbamfiles/7/text_file_in_5_0_0 --eq variability_analysis_of_ngs_data/25/a1indexbamfiles/7/bam_index_file_4_0
00:00:00
$ set-value --to $iteration_number --eq variability_analysis_of_ngs_data/25/a1indexbamfiles/7/foreach_iteration_2_0
00:00:00
$ set-value --to $iteration_value --eq variability_analysis_of_ngs_data/25/a1indexbamfiles/7/foreach_value_1_0
00:00:00
$ calc -n variability_analysis_of_ngs_data/25/a1indexbamfiles/7/calc_get_file_name_5 --as calc_get_file_name
00:00:00
$ set-value --to variability_analysis_of_ngs_data/25/a1indexbamfiles/7/calc_get_file_name_5.inputs --eq "variability_analysis_of_ngs_data/25/a1indexbamfiles/7/text_file_in_5_0_0"
00:00:00
$ set-value --to variability_analysis_of_ngs_data/25/a1indexbamfiles/7/calc_get_file_name_5.outputs --eq "variability_analysis_of_ngs_data/25/a1indexbamfiles/7/string_8_0"
00:00:00
$ run-calculation -n variability_analysis_of_ngs_data/25/a1indexbamfiles/7/calc_get_file_name_5
00:00:00
$ delete -n variability_analysis_of_ngs_data/25/a1indexbamfiles/7/calc_get_file_name_5
00:00:00
$ delete -n variability_analysis_of_ngs_data/25/a1indexbamfiles/7/text_file_in_5_0_0
00:00:00
$ if --ref $result --eq 0
00:00:00
$ endif
00:00:00
$ endif
00:00:00
$ matappend --to variability_analysis_of_ngs_data/25/string_matrix_8_0 --add variability_analysis_of_ngs_data/25/a1indexbamfiles/7/string_8_0 --index variability_analysis_of_ngs_data/25/a1indexbamfiles/7/foreach_iteration_2_0
00:00:00
$ print -n variability_analysis_of_ngs_data/25/string_matrix_8_0 --mode value --eol
 0,/develop/examples/AdaptNet_Variability/PE_data.Ind3.bai;
 1,/develop/examples/AdaptNet_Variability/PE_data.Ind2.bai;
 2,/develop/examples/AdaptNet_Variability/PE_data.Ind9.bai;
 3,/develop/examples/AdaptNet_Variability/PE_data.Ind7.bai;
 4,/develop/examples/AdaptNet_Variability/PE_data.Ind6.bai;
 5,/develop/examples/AdaptNet_Variability/PE_data.Ind5.bai;
 6,/develop/examples/AdaptNet_Variability/PE_data.Ind1.bai

00:00:00
$ delete -n variability_analysis_of_ngs_data/25/a1indexbamfiles/7/bam_index_file_4_0
00:00:00
$ delete -n variability_analysis_of_ngs_data/25/a1indexbamfiles/7/string_8_0
00:00:00
$ end-for
00:00:00
$ for --data variability_analysis_of_ngs_data/25/calc_list_files_3_0 --ite variability_analysis_of_ngs_data/25/a1indexbamfiles/7/foreach_iteration_2_0 --from 0 --to variability_analysis_of_ngs_data/25/calc_list_files_3_0.reg_length --inc 1
00:00:00
$ set-value --to variability_analysis_of_ngs_data/25/a1indexbamfiles/7/foreach_value_1_0 --eq variability_analysis_of_ngs_data/25/calc_list_files_3_0[variability_analysis_of_ngs_data/25/a1indexbamfiles/7/foreach_iteration_2_0]
00:00:00
$ print -n variability_analysis_of_ngs_data/25/a1indexbamfiles/7/foreach_iteration_2_0 --text "iteration: " --mode value --eol
iteration: 7
00:00:00
$ print -n variability_analysis_of_ngs_data/25/a1indexbamfiles/7/foreach_value_1_0 --text "value: " --mode value --eol
value: /develop/examples/AdaptNet_Variability/PE_data.Ind4.bam
00:00:00
$ dim -n variability_analysis_of_ngs_data/25/a1indexbamfiles/7/bam_index_file_4_0 --as bam_index_file
00:00:00
$ set-value --to variability_analysis_of_ngs_data/25/a1indexbamfiles/7/bam_index_file_4_0 --eq ""
00:00:00
$ dim -n variability_analysis_of_ngs_data/25/a1indexbamfiles/7/string_8_0 --as string
00:00:00
$ set-value --to variability_analysis_of_ngs_data/25/a1indexbamfiles/7/string_8_0 --eq ""
00:00:00
$ dim -n variability_analysis_of_ngs_data/25/a1indexbamfiles/7/bam_file_in_3_0_0 --as bam_file
00:00:00
$ set-value --to variability_analysis_of_ngs_data/25/a1indexbamfiles/7/bam_file_in_3_0_0 --eq variability_analysis_of_ngs_data/25/a1indexbamfiles/7/foreach_value_1_0
00:00:00
$ set-value --to $iteration_number --eq variability_analysis_of_ngs_data/25/a1indexbamfiles/7/foreach_iteration_2_0
00:00:00
$ set-value --to $iteration_value --eq variability_analysis_of_ngs_data/25/a1indexbamfiles/7/foreach_value_1_0
00:00:00
$ calc -n variability_analysis_of_ngs_data/25/a1indexbamfiles/7/calc_create_bam_index_3 --as calc_create_bam_index
00:00:00
$ set-value --to variability_analysis_of_ngs_data/25/a1indexbamfiles/7/calc_create_bam_index_3.inputs --eq "variability_analysis_of_ngs_data/25/a1indexbamfiles/7/bam_file_in_3_0_0"
00:00:00
$ set-value --to variability_analysis_of_ngs_data/25/a1indexbamfiles/7/calc_create_bam_index_3.outputs --eq "variability_analysis_of_ngs_data/25/a1indexbamfiles/7/bam_index_file_4_0"
00:00:00
$ run-calculation -n variability_analysis_of_ngs_data/25/a1indexbamfiles/7/calc_create_bam_index_3
00:00:00
$ delete -n variability_analysis_of_ngs_data/25/a1indexbamfiles/7/calc_create_bam_index_3
00:00:00
$ delete -n variability_analysis_of_ngs_data/25/a1indexbamfiles/7/bam_file_in_3_0_0
00:00:00
$ if --ref $result --eq 0
00:00:00
$ dim -n variability_analysis_of_ngs_data/25/a1indexbamfiles/7/text_file_in_5_0_0 --as text_file
00:00:00
$ set-value --to variability_analysis_of_ngs_data/25/a1indexbamfiles/7/text_file_in_5_0_0 --eq variability_analysis_of_ngs_data/25/a1indexbamfiles/7/bam_index_file_4_0
00:00:00
$ set-value --to $iteration_number --eq variability_analysis_of_ngs_data/25/a1indexbamfiles/7/foreach_iteration_2_0
00:00:00
$ set-value --to $iteration_value --eq variability_analysis_of_ngs_data/25/a1indexbamfiles/7/foreach_value_1_0
00:00:00
$ calc -n variability_analysis_of_ngs_data/25/a1indexbamfiles/7/calc_get_file_name_5 --as calc_get_file_name
00:00:00
$ set-value --to variability_analysis_of_ngs_data/25/a1indexbamfiles/7/calc_get_file_name_5.inputs --eq "variability_analysis_of_ngs_data/25/a1indexbamfiles/7/text_file_in_5_0_0"
00:00:00
$ set-value --to variability_analysis_of_ngs_data/25/a1indexbamfiles/7/calc_get_file_name_5.outputs --eq "variability_analysis_of_ngs_data/25/a1indexbamfiles/7/string_8_0"
00:00:00
$ run-calculation -n variability_analysis_of_ngs_data/25/a1indexbamfiles/7/calc_get_file_name_5
00:00:00
$ delete -n variability_analysis_of_ngs_data/25/a1indexbamfiles/7/calc_get_file_name_5
00:00:00
$ delete -n variability_analysis_of_ngs_data/25/a1indexbamfiles/7/text_file_in_5_0_0
00:00:00
$ if --ref $result --eq 0
00:00:00
$ endif
00:00:00
$ endif
00:00:00
$ matappend --to variability_analysis_of_ngs_data/25/string_matrix_8_0 --add variability_analysis_of_ngs_data/25/a1indexbamfiles/7/string_8_0 --index variability_analysis_of_ngs_data/25/a1indexbamfiles/7/foreach_iteration_2_0
00:00:00
$ print -n variability_analysis_of_ngs_data/25/string_matrix_8_0 --mode value --eol
 0,/develop/examples/AdaptNet_Variability/PE_data.Ind3.bai;
 1,/develop/examples/AdaptNet_Variability/PE_data.Ind2.bai;
 2,/develop/examples/AdaptNet_Variability/PE_data.Ind9.bai;
 3,/develop/examples/AdaptNet_Variability/PE_data.Ind7.bai;
 4,/develop/examples/AdaptNet_Variability/PE_data.Ind6.bai;
 5,/develop/examples/AdaptNet_Variability/PE_data.Ind5.bai;
 6,/develop/examples/AdaptNet_Variability/PE_data.Ind1.bai;
 7,/develop/examples/AdaptNet_Variability/PE_data.Ind4.bai

00:00:00
$ delete -n variability_analysis_of_ngs_data/25/a1indexbamfiles/7/bam_index_file_4_0
00:00:00
$ delete -n variability_analysis_of_ngs_data/25/a1indexbamfiles/7/string_8_0
00:00:00
$ end-for
00:00:00
$ for --data variability_analysis_of_ngs_data/25/calc_list_files_3_0 --ite variability_analysis_of_ngs_data/25/a1indexbamfiles/7/foreach_iteration_2_0 --from 0 --to variability_analysis_of_ngs_data/25/calc_list_files_3_0.reg_length --inc 1
00:00:00
$ set-value --to variability_analysis_of_ngs_data/25/a1indexbamfiles/7/foreach_value_1_0 --eq variability_analysis_of_ngs_data/25/calc_list_files_3_0[variability_analysis_of_ngs_data/25/a1indexbamfiles/7/foreach_iteration_2_0]
00:00:00
$ print -n variability_analysis_of_ngs_data/25/a1indexbamfiles/7/foreach_iteration_2_0 --text "iteration: " --mode value --eol
iteration: 8
00:00:00
$ print -n variability_analysis_of_ngs_data/25/a1indexbamfiles/7/foreach_value_1_0 --text "value: " --mode value --eol
value: /develop/examples/AdaptNet_Variability/PE_data.Ind8.bam
00:00:00
$ dim -n variability_analysis_of_ngs_data/25/a1indexbamfiles/7/bam_index_file_4_0 --as bam_index_file
00:00:00
$ set-value --to variability_analysis_of_ngs_data/25/a1indexbamfiles/7/bam_index_file_4_0 --eq ""
00:00:00
$ dim -n variability_analysis_of_ngs_data/25/a1indexbamfiles/7/string_8_0 --as string
00:00:00
$ set-value --to variability_analysis_of_ngs_data/25/a1indexbamfiles/7/string_8_0 --eq ""
00:00:00
$ dim -n variability_analysis_of_ngs_data/25/a1indexbamfiles/7/bam_file_in_3_0_0 --as bam_file
00:00:00
$ set-value --to variability_analysis_of_ngs_data/25/a1indexbamfiles/7/bam_file_in_3_0_0 --eq variability_analysis_of_ngs_data/25/a1indexbamfiles/7/foreach_value_1_0
00:00:00
$ set-value --to $iteration_number --eq variability_analysis_of_ngs_data/25/a1indexbamfiles/7/foreach_iteration_2_0
00:00:00
$ set-value --to $iteration_value --eq variability_analysis_of_ngs_data/25/a1indexbamfiles/7/foreach_value_1_0
00:00:00
$ calc -n variability_analysis_of_ngs_data/25/a1indexbamfiles/7/calc_create_bam_index_3 --as calc_create_bam_index
00:00:00
$ set-value --to variability_analysis_of_ngs_data/25/a1indexbamfiles/7/calc_create_bam_index_3.inputs --eq "variability_analysis_of_ngs_data/25/a1indexbamfiles/7/bam_file_in_3_0_0"
00:00:00
$ set-value --to variability_analysis_of_ngs_data/25/a1indexbamfiles/7/calc_create_bam_index_3.outputs --eq "variability_analysis_of_ngs_data/25/a1indexbamfiles/7/bam_index_file_4_0"
00:00:00
$ run-calculation -n variability_analysis_of_ngs_data/25/a1indexbamfiles/7/calc_create_bam_index_3
00:00:00
$ delete -n variability_analysis_of_ngs_data/25/a1indexbamfiles/7/calc_create_bam_index_3
00:00:00
$ delete -n variability_analysis_of_ngs_data/25/a1indexbamfiles/7/bam_file_in_3_0_0
00:00:00
$ if --ref $result --eq 0
00:00:00
$ dim -n variability_analysis_of_ngs_data/25/a1indexbamfiles/7/text_file_in_5_0_0 --as text_file
00:00:00
$ set-value --to variability_analysis_of_ngs_data/25/a1indexbamfiles/7/text_file_in_5_0_0 --eq variability_analysis_of_ngs_data/25/a1indexbamfiles/7/bam_index_file_4_0
00:00:00
$ set-value --to $iteration_number --eq variability_analysis_of_ngs_data/25/a1indexbamfiles/7/foreach_iteration_2_0
00:00:00
$ set-value --to $iteration_value --eq variability_analysis_of_ngs_data/25/a1indexbamfiles/7/foreach_value_1_0
00:00:00
$ calc -n variability_analysis_of_ngs_data/25/a1indexbamfiles/7/calc_get_file_name_5 --as calc_get_file_name
00:00:00
$ set-value --to variability_analysis_of_ngs_data/25/a1indexbamfiles/7/calc_get_file_name_5.inputs --eq "variability_analysis_of_ngs_data/25/a1indexbamfiles/7/text_file_in_5_0_0"
00:00:00
$ set-value --to variability_analysis_of_ngs_data/25/a1indexbamfiles/7/calc_get_file_name_5.outputs --eq "variability_analysis_of_ngs_data/25/a1indexbamfiles/7/string_8_0"
00:00:00
$ run-calculation -n variability_analysis_of_ngs_data/25/a1indexbamfiles/7/calc_get_file_name_5
00:00:00
$ delete -n variability_analysis_of_ngs_data/25/a1indexbamfiles/7/calc_get_file_name_5
00:00:00
$ delete -n variability_analysis_of_ngs_data/25/a1indexbamfiles/7/text_file_in_5_0_0
00:00:00
$ if --ref $result --eq 0
00:00:00
$ endif
00:00:00
$ endif
00:00:00
$ matappend --to variability_analysis_of_ngs_data/25/string_matrix_8_0 --add variability_analysis_of_ngs_data/25/a1indexbamfiles/7/string_8_0 --index variability_analysis_of_ngs_data/25/a1indexbamfiles/7/foreach_iteration_2_0
00:00:00
$ print -n variability_analysis_of_ngs_data/25/string_matrix_8_0 --mode value --eol
 0,/develop/examples/AdaptNet_Variability/PE_data.Ind3.bai;
 1,/develop/examples/AdaptNet_Variability/PE_data.Ind2.bai;
 2,/develop/examples/AdaptNet_Variability/PE_data.Ind9.bai;
 3,/develop/examples/AdaptNet_Variability/PE_data.Ind7.bai;
 4,/develop/examples/AdaptNet_Variability/PE_data.Ind6.bai;
 5,/develop/examples/AdaptNet_Variability/PE_data.Ind5.bai;
 6,/develop/examples/AdaptNet_Variability/PE_data.Ind1.bai;
 7,/develop/examples/AdaptNet_Variability/PE_data.Ind4.bai;
 8,/develop/examples/AdaptNet_Variability/PE_data.Ind8.bai

00:00:00
$ delete -n variability_analysis_of_ngs_data/25/a1indexbamfiles/7/bam_index_file_4_0
00:00:00
$ delete -n variability_analysis_of_ngs_data/25/a1indexbamfiles/7/string_8_0
00:00:00
$ end-for
00:00:00
$ for --data variability_analysis_of_ngs_data/25/calc_list_files_3_0 --ite variability_analysis_of_ngs_data/25/a1indexbamfiles/7/foreach_iteration_2_0 --from 0 --to variability_analysis_of_ngs_data/25/calc_list_files_3_0.reg_length --inc 1
00:00:00
$ set-value --to variability_analysis_of_ngs_data/25/a1indexbamfiles/7/foreach_value_1_0 --eq variability_analysis_of_ngs_data/25/calc_list_files_3_0[variability_analysis_of_ngs_data/25/a1indexbamfiles/7/foreach_iteration_2_0]
00:00:00
$ print -n variability_analysis_of_ngs_data/25/a1indexbamfiles/7/foreach_iteration_2_0 --text "iteration: " --mode value --eol
iteration: 9
00:00:00
$ print -n variability_analysis_of_ngs_data/25/a1indexbamfiles/7/foreach_value_1_0 --text "value: " --mode value --eol
value: /develop/examples/AdaptNet_Variability/PE_data.Ind10.bam
00:00:00
$ dim -n variability_analysis_of_ngs_data/25/a1indexbamfiles/7/bam_index_file_4_0 --as bam_index_file
00:00:00
$ set-value --to variability_analysis_of_ngs_data/25/a1indexbamfiles/7/bam_index_file_4_0 --eq ""
00:00:00
$ dim -n variability_analysis_of_ngs_data/25/a1indexbamfiles/7/string_8_0 --as string
00:00:00
$ set-value --to variability_analysis_of_ngs_data/25/a1indexbamfiles/7/string_8_0 --eq ""
00:00:00
$ dim -n variability_analysis_of_ngs_data/25/a1indexbamfiles/7/bam_file_in_3_0_0 --as bam_file
00:00:00
$ set-value --to variability_analysis_of_ngs_data/25/a1indexbamfiles/7/bam_file_in_3_0_0 --eq variability_analysis_of_ngs_data/25/a1indexbamfiles/7/foreach_value_1_0
00:00:00
$ set-value --to $iteration_number --eq variability_analysis_of_ngs_data/25/a1indexbamfiles/7/foreach_iteration_2_0
00:00:00
$ set-value --to $iteration_value --eq variability_analysis_of_ngs_data/25/a1indexbamfiles/7/foreach_value_1_0
00:00:00
$ calc -n variability_analysis_of_ngs_data/25/a1indexbamfiles/7/calc_create_bam_index_3 --as calc_create_bam_index
00:00:00
$ set-value --to variability_analysis_of_ngs_data/25/a1indexbamfiles/7/calc_create_bam_index_3.inputs --eq "variability_analysis_of_ngs_data/25/a1indexbamfiles/7/bam_file_in_3_0_0"
00:00:00
$ set-value --to variability_analysis_of_ngs_data/25/a1indexbamfiles/7/calc_create_bam_index_3.outputs --eq "variability_analysis_of_ngs_data/25/a1indexbamfiles/7/bam_index_file_4_0"
00:00:00
$ run-calculation -n variability_analysis_of_ngs_data/25/a1indexbamfiles/7/calc_create_bam_index_3
00:00:00
$ delete -n variability_analysis_of_ngs_data/25/a1indexbamfiles/7/calc_create_bam_index_3
00:00:00
$ delete -n variability_analysis_of_ngs_data/25/a1indexbamfiles/7/bam_file_in_3_0_0
00:00:00
$ if --ref $result --eq 0
00:00:00
$ dim -n variability_analysis_of_ngs_data/25/a1indexbamfiles/7/text_file_in_5_0_0 --as text_file
00:00:00
$ set-value --to variability_analysis_of_ngs_data/25/a1indexbamfiles/7/text_file_in_5_0_0 --eq variability_analysis_of_ngs_data/25/a1indexbamfiles/7/bam_index_file_4_0
00:00:00
$ set-value --to $iteration_number --eq variability_analysis_of_ngs_data/25/a1indexbamfiles/7/foreach_iteration_2_0
00:00:00
$ set-value --to $iteration_value --eq variability_analysis_of_ngs_data/25/a1indexbamfiles/7/foreach_value_1_0
00:00:00
$ calc -n variability_analysis_of_ngs_data/25/a1indexbamfiles/7/calc_get_file_name_5 --as calc_get_file_name
00:00:00
$ set-value --to variability_analysis_of_ngs_data/25/a1indexbamfiles/7/calc_get_file_name_5.inputs --eq "variability_analysis_of_ngs_data/25/a1indexbamfiles/7/text_file_in_5_0_0"
00:00:00
$ set-value --to variability_analysis_of_ngs_data/25/a1indexbamfiles/7/calc_get_file_name_5.outputs --eq "variability_analysis_of_ngs_data/25/a1indexbamfiles/7/string_8_0"
00:00:00
$ run-calculation -n variability_analysis_of_ngs_data/25/a1indexbamfiles/7/calc_get_file_name_5
00:00:00
$ delete -n variability_analysis_of_ngs_data/25/a1indexbamfiles/7/calc_get_file_name_5
00:00:00
$ delete -n variability_analysis_of_ngs_data/25/a1indexbamfiles/7/text_file_in_5_0_0
00:00:00
$ if --ref $result --eq 0
00:00:00
$ endif
00:00:00
$ endif
00:00:00
$ matappend --to variability_analysis_of_ngs_data/25/string_matrix_8_0 --add variability_analysis_of_ngs_data/25/a1indexbamfiles/7/string_8_0 --index variability_analysis_of_ngs_data/25/a1indexbamfiles/7/foreach_iteration_2_0
00:00:00
$ print -n variability_analysis_of_ngs_data/25/string_matrix_8_0 --mode value --eol
 0,/develop/examples/AdaptNet_Variability/PE_data.Ind3.bai;
 1,/develop/examples/AdaptNet_Variability/PE_data.Ind2.bai;
 2,/develop/examples/AdaptNet_Variability/PE_data.Ind9.bai;
 3,/develop/examples/AdaptNet_Variability/PE_data.Ind7.bai;
 4,/develop/examples/AdaptNet_Variability/PE_data.Ind6.bai;
 5,/develop/examples/AdaptNet_Variability/PE_data.Ind5.bai;
 6,/develop/examples/AdaptNet_Variability/PE_data.Ind1.bai;
 7,/develop/examples/AdaptNet_Variability/PE_data.Ind4.bai;
 8,/develop/examples/AdaptNet_Variability/PE_data.Ind8.bai;
 9,/develop/examples/AdaptNet_Variability/PE_data.Ind10.bai

00:00:00
$ delete -n variability_analysis_of_ngs_data/25/a1indexbamfiles/7/bam_index_file_4_0
00:00:00
$ delete -n variability_analysis_of_ngs_data/25/a1indexbamfiles/7/string_8_0
00:00:00
$ end-for
00:00:00
$ for --data variability_analysis_of_ngs_data/25/calc_list_files_3_0 --ite variability_analysis_of_ngs_data/25/a1indexbamfiles/7/foreach_iteration_2_0 --from 0 --to variability_analysis_of_ngs_data/25/calc_list_files_3_0.reg_length --inc 1
$ end-for
00:00:00
$ delete -n variability_analysis_of_ngs_data/25/a1indexbamfiles/7/foreach_value_1_0
00:00:00
$ delete -n variability_analysis_of_ngs_data/25/a1indexbamfiles/7/foreach_iteration_2_0
00:00:00
$ dim -n variability_analysis_of_ngs_data/25/a1creatempileupfile/10/foreach_value_1_0 --as string
00:00:00
$ set-value --to variability_analysis_of_ngs_data/25/a1creatempileupfile/10/foreach_value_1_0 --eq ""
00:00:00
$ dim -n variability_analysis_of_ngs_data/25/a1creatempileupfile/10/foreach_iteration_2_0 --as int64
00:00:00
$ set-value --to variability_analysis_of_ngs_data/25/a1creatempileupfile/10/foreach_iteration_2_0 --eq ""
00:00:00
$ dim -n variability_analysis_of_ngs_data/25/a1creatempileupfile/10/int_12_0 --as int
00:00:00
$ set-value --to variability_analysis_of_ngs_data/25/a1creatempileupfile/10/int_12_0 --eq "20"
00:00:00
$ dim -n variability_analysis_of_ngs_data/25/a1creatempileupfile/10/string_matrix_7_0 --as string_matrix
00:00:00
$ set-value --to variability_analysis_of_ngs_data/25/a1creatempileupfile/10/string_matrix_7_0 --eq ""
00:00:00
$ dim -n variability_analysis_of_ngs_data/25/a1creatempileupfile/10/int_13_0 --as int
00:00:00
$ set-value --to variability_analysis_of_ngs_data/25/a1creatempileupfile/10/int_13_0 --eq "20"
00:00:00
$ dim -n variability_analysis_of_ngs_data/25/a1creatempileupfile/10/bool_14_0 --as bool
00:00:00
$ set-value --to variability_analysis_of_ngs_data/25/a1creatempileupfile/10/bool_14_0 --eq "1"
00:00:00
$ dim -n variability_analysis_of_ngs_data/25/a1creatempileupfile/10/string_vector_in_3_0_0 --as string_vector
00:00:00
$ set-value --to variability_analysis_of_ngs_data/25/a1creatempileupfile/10/string_vector_in_3_0_0 --eq variability_analysis_of_ngs_data/25/calc_list_files_3_0
00:00:00
$ set-value --to $iteration_number --eq variability_analysis_of_ngs_data/25/a1creatempileupfile/10/foreach_iteration_2_0
00:00:00
$ set-value --to $iteration_value --eq variability_analysis_of_ngs_data/25/a1creatempileupfile/10/foreach_value_1_0
00:00:00
$ calc -n variability_analysis_of_ngs_data/25/a1creatempileupfile/10/calc_BAM_to_Mpileup_3 --as calc_BAM_to_Mpileup
00:00:00
$ set-value --to variability_analysis_of_ngs_data/25/a1creatempileupfile/10/calc_BAM_to_Mpileup_3.inputs --eq "variability_analysis_of_ngs_data/25/a1creatempileupfile/10/string_vector_in_3_0_0,fasta_file_22_0,variability_analysis_of_ngs_data/25/a1creatempileupfile/10/int_12_0,variability_analysis_of_ngs_data/25/a1creatempileupfile/10/int_13_0,variability_analysis_of_ngs_data/25/a1creatempileupfile/10/bool_14_0,null,null"
00:00:00
$ set-value --to variability_analysis_of_ngs_data/25/a1creatempileupfile/10/calc_BAM_to_Mpileup_3.outputs --eq "variability_analysis_of_ngs_data/25/mpileup_file_28_0"
00:00:00
$ run-calculation -n variability_analysis_of_ngs_data/25/a1creatempileupfile/10/calc_BAM_to_Mpileup_3
Command line: samtools mpileup -q 20 -Q 20 -B -f /develop/examples/AdaptNet_Variability/data_reference_seq.fa /develop/examples/AdaptNet_Variability/PE_data.Ind3.bam /develop/examples/AdaptNet_Variability/PE_data.Ind2.bam /develop/examples/AdaptNet_Variability/PE_data.Ind9.bam /develop/examples/AdaptNet_Variability/PE_data.Ind7.bam /develop/examples/AdaptNet_Variability/PE_data.Ind6.bam /develop/examples/AdaptNet_Variability/PE_data.Ind5.bam /develop/examples/AdaptNet_Variability/PE_data.Ind1.bam /develop/examples/AdaptNet_Variability/PE_data.Ind4.bam /develop/examples/AdaptNet_Variability/PE_data.Ind8.bam /develop/examples/AdaptNet_Variability/PE_data.Ind10.bam > /develop/examples/AdaptNet_Variability/PE_data.Ind3.mpileup
00:00:01
$ delete -n variability_analysis_of_ngs_data/25/a1creatempileupfile/10/calc_BAM_to_Mpileup_3
00:00:00
$ delete -n variability_analysis_of_ngs_data/25/a1creatempileupfile/10/string_vector_in_3_0_0
00:00:00
$ if --ref $result --eq 0
00:00:00
$ endif
00:00:00
$ delete -n variability_analysis_of_ngs_data/25/a1creatempileupfile/10/int_12_0
00:00:00
$ delete -n variability_analysis_of_ngs_data/25/a1creatempileupfile/10/string_matrix_7_0
00:00:00
$ delete -n variability_analysis_of_ngs_data/25/a1creatempileupfile/10/int_13_0
00:00:00
$ delete -n variability_analysis_of_ngs_data/25/a1creatempileupfile/10/bool_14_0
00:00:00
$ delete -n variability_analysis_of_ngs_data/25/a1creatempileupfile/10/foreach_value_1_0
00:00:00
$ delete -n variability_analysis_of_ngs_data/25/a1creatempileupfile/10/foreach_iteration_2_0
00:00:00
$ dim -n variability_analysis_of_ngs_data/25/int_vector_in_13_4_0 --as int_vector
00:00:00
$ set-value --to variability_analysis_of_ngs_data/25/int_vector_in_13_4_0 --eq variability_analysis_of_ngs_data/25/calc_get_mrd_39_0
00:00:00
$ dim -n variability_analysis_of_ngs_data/25/string_in_13_6_0 --as string
00:00:00
$ set-value --to variability_analysis_of_ngs_data/25/string_in_13_6_0 --eq fasta_file_22_0
00:00:00
$ dim -n variability_analysis_of_ngs_data/25/calc_snp_caller_13_0 --as fasta_file
00:00:00
$ set-value --to $iteration_number --eq variability_analysis_of_ngs_data/25/foreach_iteration_2_0
00:00:00
$ set-value --to $iteration_value --eq variability_analysis_of_ngs_data/25/foreach_value_1_0
00:00:00
$ calc -n variability_analysis_of_ngs_data/25/calc_snp_caller_13 --as calc_snp_caller
00:00:00
$ set-value --to variability_analysis_of_ngs_data/25/calc_snp_caller_13.inputs --eq "variability_analysis_of_ngs_data/25/mpileup_file_28_0,variability_analysis_of_ngs_data/25/int_29_0,null,null,variability_analysis_of_ngs_data/25/int_vector_in_13_4_0,variability_analysis_of_ngs_data/25/int_32_0,variability_analysis_of_ngs_data/25/string_in_13_6_0,string_23_0,null"
00:00:00
$ set-value --to variability_analysis_of_ngs_data/25/calc_snp_caller_13.outputs --eq "variability_analysis_of_ngs_data/25/calc_snp_caller_13_0"
00:00:00
$ run-calculation -n variability_analysis_of_ngs_data/25/calc_snp_caller_13
Command line: sh ghcaller.sh -i /develop/examples/AdaptNet_Variability/PE_data.Ind3.mpileup -o /develop/examples/AdaptNet_Variability/PE_data.Ind3.fas --baseq 20 --platform 33 --outgroup /develop/examples/AdaptNet_Variability/data_reference_seq.fa --names P0ind0,P1ind4,P0ind1,P0ind2,P0ind3,P0ind4,P1ind0,P1ind1,P1ind2,P1ind3 --mindep 3,3,3,3,3,3,3,3,3,3 --maxdep 14,14,14,14,14,14,14,14,14,14
00:00:02
$ delete -n variability_analysis_of_ngs_data/25/calc_snp_caller_13
00:00:00
$ delete -n variability_analysis_of_ngs_data/25/int_vector_in_13_4_0
00:00:00
$ delete -n variability_analysis_of_ngs_data/25/string_in_13_6_0
00:00:00
$ if --ref $result --eq 0
00:00:00
$ dim -n variability_analysis_of_ngs_data/25/fasta_file_in_15_0_0 --as fasta_file
00:00:00
$ set-value --to variability_analysis_of_ngs_data/25/fasta_file_in_15_0_0 --eq variability_analysis_of_ngs_data/25/calc_snp_caller_13_0
00:00:00
$ set-value --to $iteration_number --eq variability_analysis_of_ngs_data/25/foreach_iteration_2_0
00:00:00
$ set-value --to $iteration_value --eq variability_analysis_of_ngs_data/25/foreach_value_1_0
00:00:00
$ calc -n variability_analysis_of_ngs_data/25/calc_fasta_to_tfasta_15 --as calc_fasta_to_tfasta
00:00:00
$ set-value --to variability_analysis_of_ngs_data/25/calc_fasta_to_tfasta_15.inputs --eq "variability_analysis_of_ngs_data/25/fasta_file_in_15_0_0,null,null,string_24_0,variability_analysis_of_ngs_data/25/bool_37_0,null"
00:00:00
$ set-value --to variability_analysis_of_ngs_data/25/calc_fasta_to_tfasta_15.outputs --eq "t-fasta_file_26_0,null"
00:00:00
$ run-calculation -n variability_analysis_of_ngs_data/25/calc_fasta_to_tfasta_15
Fasta2TFasta command: ./fastaconvtr -F f -f tfasta -i /develop/examples/AdaptNet_Variability/PE_data.Ind3.fas -f t -o /develop/examples/AdaptNet_Variability/output.tfa -O 21 0 1 4 5 6 7 8 9 10 11 12 13 14 15 16 17 18 19 2 3 20
Command line: ./fastaconvtr -F f -f tfasta -i /develop/examples/AdaptNet_Variability/PE_data.Ind3.fas -f t -o /develop/examples/AdaptNet_Variability/output.tfa -O 21 0 1 4 5 6 7 8 9 10 11 12 13 14 15 16 17 18 19 2 3 20
00:00:00
$ delete -n variability_analysis_of_ngs_data/25/calc_fasta_to_tfasta_15
00:00:00
$ delete -n variability_analysis_of_ngs_data/25/fasta_file_in_15_0_0
00:00:00
$ if --ref $result --eq 0
00:00:00
$ endif
00:00:00
$ endif
00:00:00
$ endif
00:00:00
$ endif
00:00:00
$ endif
00:00:00
$ delete -n variability_analysis_of_ngs_data/25/calc_get_seq_len_40_0
00:00:00
$ delete -n variability_analysis_of_ngs_data/25/calc_list_files_3_0
00:00:00
$ delete -n variability_analysis_of_ngs_data/25/calc_get_mrd_39_0
00:00:00
$ delete -n variability_analysis_of_ngs_data/25/calc_snp_caller_13_0
00:00:00
$ delete -n variability_analysis_of_ngs_data/25/string_5_0
00:00:00
$ delete -n variability_analysis_of_ngs_data/25/int_32_0
00:00:00
$ delete -n variability_analysis_of_ngs_data/25/int_29_0
00:00:00
$ delete -n variability_analysis_of_ngs_data/25/bool_37_0
00:00:00
$ delete -n variability_analysis_of_ngs_data/25/string_matrix_8_0
00:00:00
$ delete -n variability_analysis_of_ngs_data/25/mpileup_file_28_0
00:00:00
$ delete -n variability_analysis_of_ngs_data/25/foreach_iteration_2_0
00:00:00
$ delete -n variability_analysis_of_ngs_data/25/foreach_value_1_0
00:00:00
$ dim -n string_in_27_1_0 --as string
00:00:00
$ set-value --to string_in_27_1_0 --eq t-fasta_file_26_0
00:00:00
$ set-value --to $iteration_number --eq "-1"
00:00:00
$ set-value --to $iteration_value --eq ""
00:00:00
$ calc -n calc_mstatspop_27 --as calc_mstatspop
00:00:00
$ set-value --to calc_mstatspop_27.inputs --eq "string_28_0,string_in_27_1_0,int_33_0,string_29_0,bool_30_0,bool_30_0,null,null,null,null,null,null,null,int64_31_0,int64_31_0,null,null,null,null,null,null,null,null,null,null,null,null,null,null,null,null,null"
00:00:00
$ set-value --to calc_mstatspop_27.outputs --eq "text_file_32_0"
00:00:00
$ run-calculation -n calc_mstatspop_27
the_command: ./mstatspop -f tfa -i /develop/examples/AdaptNet_Variability/output.tfa -o 1 -N 3 10 10 1 -G 1 -u 1 -T /develop/examples/AdaptNet_Variability/statistics.txt -w 5000 -z 5000
Command line: ./mstatspop -f tfa -i /develop/examples/AdaptNet_Variability/output.tfa -o 1 -N 3 10 10 1 -G 1 -u 1 -T /develop/examples/AdaptNet_Variability/statistics.txt -w 5000 -z 5000
00:00:00
$ delete -n calc_mstatspop_27
00:00:00
$ delete -n string_in_27_1_0
00:00:00
$ if --ref $result --eq 0
00:00:00
$ endif
00:00:00
$ print --text "[EXPERIMENT_END]" --eol
[EXPERIMENT_END]
00:00:00
